########### array before sorts ###########
0	0.000000	35.560000	0.389468	38.518302	n
1	0.389468	38.518302	1.531330	41.275000	n
2	1.531330	41.275000	3.347770	43.642231	n
3	3.347770	43.642231	5.715000	45.458670	n
4	5.715000	45.458670	8.471698	46.600532	n
5	8.471698	46.600532	11.430000	46.990000	n
6	11.430000	0.000000	8.471698	0.389468	n
7	8.471698	0.389468	5.715000	1.531330	n
8	5.715000	1.531330	3.347769	3.347770	n
9	3.347769	3.347770	1.531330	5.715000	n
10	1.531330	5.715000	0.389468	8.471698	n
11	0.389468	8.471698	0.000000	11.430000	n
12	42.862500	11.430000	42.473032	8.471698	n
13	42.473032	8.471698	41.331170	5.715000	n
14	41.331170	5.715000	39.514730	3.347769	n
15	39.514730	3.347769	37.147500	1.531330	n
16	37.147500	1.531330	34.390802	0.389468	n
17	34.390802	0.389468	31.432500	0.000000	n
18	31.432500	46.990000	34.390802	46.600532	n
19	34.390802	46.600532	37.147500	45.458670	n
20	37.147500	45.458670	39.514731	43.642231	n
21	39.514731	43.642231	41.331170	41.275000	n
22	41.331170	41.275000	42.473032	38.518302	n
23	42.473032	38.518302	42.862500	35.560000	n
24	11.430000	46.990000	31.432500	46.990000	n
25	11.430000	0.000000	31.432500	0.000000	n
26	42.862500	11.430000	42.862500	35.560000	n
27	0.000000	35.560000	0.000000	11.430000	n
Tolerance=0.050000.
*Exact match for i=0 and j=1.
*i point 0.000000	35.560000	0.389468	38.518302	y
*Exact match for i=1 and j=2.
*i point 0.389468	38.518302	1.531330	41.275000	y
*Exact match for i=2 and j=3.
*i point 1.531330	41.275000	3.347770	43.642231	y
*Exact match for i=3 and j=4.
*i point 3.347770	43.642231	5.715000	45.458670	y
*Exact match for i=4 and j=5.
*i point 5.715000	45.458670	8.471698	46.600532	y
*Exact match for i=5 and j=24.
*i point 8.471698	46.600532	11.430000	46.990000	y
*Exact match for i=6 and j=18.
*i point 11.430000	46.990000	31.432500	46.990000	y
*Exact match for i=7 and j=19.
*i point 31.432500	46.990000	34.390802	46.600532	y
*Exact match for i=8 and j=20.
*i point 34.390802	46.600532	37.147500	45.458670	y
*Exact match for i=9 and j=21.
*i point 37.147500	45.458670	39.514731	43.642231	y
*Exact match for i=10 and j=22.
*i point 39.514731	43.642231	41.331170	41.275000	y
*Exact match for i=11 and j=23.
*i point 41.331170	41.275000	42.473032	38.518302	y
*Exact match for i=12 and j=26.
*i point 42.473032	38.518302	42.862500	35.560000	y
	*Before flip 	42.862500	11.430000	42.862500	35.560000	y
	*After flip 	42.862500	35.560000	42.862500	11.430000	y
*Exact match for i=13 and j=23.
*i point 42.862500	35.560000	42.862500	11.430000	y
*Exact match for i=14 and j=26.
*i point 42.862500	11.430000	42.473032	8.471698	y
*Exact match for i=15 and j=23.
*i point 42.473032	8.471698	41.331170	5.715000	y
*Exact match for i=16 and j=26.
*i point 41.331170	5.715000	39.514730	3.347769	y
*Exact match for i=17 and j=23.
*i point 39.514730	3.347769	37.147500	1.531330	y
*Exact match for i=18 and j=26.
*i point 37.147500	1.531330	34.390802	0.389468	y
*Exact match for i=19 and j=25.
*i point 34.390802	0.389468	31.432500	0.000000	y
	*Before flip 	11.430000	0.000000	31.432500	0.000000	y
	*After flip 	31.432500	0.000000	11.430000	0.000000	y
*Exact match for i=20 and j=24.
*i point 31.432500	0.000000	11.430000	0.000000	y
*Exact match for i=21 and j=23.
*i point 11.430000	0.000000	8.471698	0.389468	y
*Exact match for i=22 and j=26.
*i point 8.471698	0.389468	5.715000	1.531330	y
*Exact match for i=23 and j=25.
*i point 5.715000	1.531330	3.347769	3.347770	y
*Exact match for i=24 and j=25.
*i point 3.347769	3.347770	1.531330	5.715000	y
*Exact match for i=25 and j=26.
*i point 1.531330	5.715000	0.389468	8.471698	y
*Exact match for i=26 and j=27.
*i point 0.389468	8.471698	0.000000	11.430000	y
	*Before flip 	0.000000	35.560000	0.000000	11.430000	y
	*After flip 	0.000000	11.430000	0.000000	35.560000	y
########### array after sorts ###########
0	0.000000	35.560000	0.389468	38.518302	y
1	0.389468	38.518302	1.531330	41.275000	y
2	1.531330	41.275000	3.347770	43.642231	y
3	3.347770	43.642231	5.715000	45.458670	y
4	5.715000	45.458670	8.471698	46.600532	y
5	8.471698	46.600532	11.430000	46.990000	y
6	11.430000	46.990000	31.432500	46.990000	y
7	31.432500	46.990000	34.390802	46.600532	y
8	34.390802	46.600532	37.147500	45.458670	y
9	37.147500	45.458670	39.514731	43.642231	y
10	39.514731	43.642231	41.331170	41.275000	y
11	41.331170	41.275000	42.473032	38.518302	y
12	42.473032	38.518302	42.862500	35.560000	y
13	42.862500	35.560000	42.862500	11.430000	y
14	42.862500	11.430000	42.473032	8.471698	y
15	42.473032	8.471698	41.331170	5.715000	y
16	41.331170	5.715000	39.514730	3.347769	y
17	39.514730	3.347769	37.147500	1.531330	y
18	37.147500	1.531330	34.390802	0.389468	y
19	34.390802	0.389468	31.432500	0.000000	y
20	31.432500	0.000000	11.430000	0.000000	y
21	11.430000	0.000000	8.471698	0.389468	y
22	8.471698	0.389468	5.715000	1.531330	y
23	5.715000	1.531330	3.347769	3.347770	y
24	3.347769	3.347770	1.531330	5.715000	y
25	1.531330	5.715000	0.389468	8.471698	y
26	0.389468	8.471698	0.000000	11.430000	y
27	0.000000	11.430000	0.000000	35.560000	y
***************
.BOARD_OUTLINE UNOWNED
1.6
0     0.000000     35.560000     0
0     0.389468     38.518302     0
0     1.531330     41.275000     0
0     3.347770     43.642231     0
0     5.715000     45.458670     0
0     8.471698     46.600532     0
0     11.430000     46.990000     0
0     31.432500     46.990000     0
0     34.390802     46.600532     0
0     37.147500     45.458670     0
0     39.514731     43.642231     0
0     41.331170     41.275000     0
0     42.473032     38.518302     0
0     42.862500     35.560000     0
0     42.862500     11.430000     0
0     42.473032     8.471698     0
0     41.331170     5.715000     0
0     39.514730     3.347769     0
0     37.147500     1.531330     0
0     34.390802     0.389468     0
0     31.432500     0.000000     0
0     11.430000     0.000000     0
0     8.471698     0.389468     0
0     5.715000     1.531330     0
0     3.347769     3.347770     0
0     1.531330     5.715000     0
0     0.389468     8.471698     0
0     0.000000     11.430000     0
0     0.000000     35.560000     0
